
[2023-10-11T03:31:00.116945+02:00] ProdajaKarata.INFO: Prijavljen korisnik sa id= 1  [] []
[2023-10-11T03:32:10.616294+02:00] ProdajaKarata.INFO: Pokusaj prijavljivanja mejlom koji nije u bazi [] []
[2023-10-11T03:32:12.347048+02:00] ProdajaKarata.INFO: Prijavljen korisnik sa id= 1  [] []
[2023-10-11T03:32:13.223005+02:00] ProdajaKarata.INFO: Odjavljivanje korisnika id= 1  [] []
[2023-10-11T03:32:48.990463+02:00] ProdajaKarata.INFO: Prijavljen korisnik sa id= 5  [] []
[2023-10-11T03:32:53.257484+02:00] ProdajaKarata.INFO: Odjavljivanje korisnika id= 5  [] []
[2023-10-11T03:32:55.757392+02:00] ProdajaKarata.INFO: Prijavljen korisnik sa id= 2  [] []
[2023-10-11T04:44:23.511929+02:00] ProdajaKarata.INFO: Odjavljivanje korisnika id= 2  [] []
[2023-10-11T04:44:27.427085+02:00] ProdajaKarata.INFO: Prijavljen korisnik sa id= 5  [] []
[2023-10-11T04:59:58.039506+02:00] ProdajaKarata.INFO: Odjavljivanje korisnika id= 5  [] []
[2023-10-11T05:00:02.232158+02:00] ProdajaKarata.INFO: Prijavljen korisnik sa id= 5  [] []
[2023-10-11T05:15:52.357204+02:00] ProdajaKarata.INFO: Menadzer id= 5 odgovorio je na poruku id= 2 sa: Odgovor [] []
[2023-10-11T05:24:13.239511+02:00] ProdajaKarata.INFO: Odjavljivanje korisnika id= 5  [] []
[2023-10-11T05:24:15.167891+02:00] ProdajaKarata.INFO: Prijavljen korisnik sa id= 2  [] []
[2023-10-11T05:24:24.311056+02:00] ProdajaKarata.INFO: Korisnik id= 2 je prijavio problem: Imam Problem sa uplatom [] []
[2023-10-11T05:24:25.816366+02:00] ProdajaKarata.INFO: Odjavljivanje korisnika id= 2  [] []
[2023-10-11T05:24:28.943349+02:00] ProdajaKarata.INFO: Prijavljen korisnik sa id= 5  [] []
[2023-10-11T05:24:38.762971+02:00] ProdajaKarata.INFO: Odjavljivanje korisnika id= 5  [] []
[2023-10-11T05:24:42.069288+02:00] ProdajaKarata.INFO: Prijavljen korisnik sa id= 2  [] []
[2023-10-11T05:33:57.875377+02:00] ProdajaKarata.INFO: Odjavljivanje korisnika id= 2  [] []
[2023-10-11T05:34:01.290736+02:00] ProdajaKarata.INFO: Prijavljen korisnik sa id= 5  [] []
[2023-10-11T05:34:07.264816+02:00] ProdajaKarata.INFO: Odjavljivanje korisnika id= 5  [] []
[2023-10-11T05:34:10.366465+02:00] ProdajaKarata.INFO: Prijavljen korisnik sa id= 2  [] []
[2023-10-11T05:55:49.548673+02:00] ProdajaKarata.INFO: Odjavljivanje korisnika id= 2  [] []
[2023-10-11T05:56:12.716193+02:00] ProdajaKarata.INFO: Prijavljen korisnik sa id= 9  [] []
[2023-10-11T15:09:38.927133+02:00] ProdajaKarata.INFO: Pokusaj prijavljivanja mejlom koji nije u bazi [] []
[2023-10-11T15:10:09.503076+02:00] ProdajaKarata.INFO: Pokusaj prijavljivanja mejlom koji nije u bazi [] []
[2023-10-11T15:18:44.963021+02:00] ProdajaKarata.INFO: Prijavljen korisnik sa id= 1  [] []
[2023-10-11T15:18:49.720474+02:00] ProdajaKarata.INFO: Odjavljivanje korisnika id= 1  [] []
[2023-10-11T15:21:41.045727+02:00] ProdajaKarata.INFO: Prijavljen korisnik sa id= 1  [] []
[2023-10-11T15:32:38.385026+02:00] ProdajaKarata.INFO: Odjavljivanje korisnika id= 1  [] []
[2023-10-11T16:35:44.606180+02:00] ProdajaKarata.INFO: Prijavljen korisnik sa id= 10  [] []
[2023-10-11T16:37:59.288850+02:00] ProdajaKarata.INFO: Odjavljivanje korisnika id= 10  [] []
[2023-10-11T16:38:06.361249+02:00] ProdajaKarata.INFO: Prijavljen korisnik sa id= 1  [] []
[2023-10-11T16:38:08.948910+02:00] ProdajaKarata.INFO: Odjavljivanje korisnika id= 1  [] []
[2023-10-11T17:01:26.883762+02:00] ProdajaKarata.INFO: Pokusaj prijavljivanja mejlom: mladenp159@gmail.com uz pogresnu sifru: 1 [] []
[2023-10-11T17:01:31.628461+02:00] ProdajaKarata.INFO: Prijavljen korisnik sa id= 1  [] []
[2023-10-11T17:02:45.648142+02:00] ProdajaKarata.INFO: Odjavljivanje korisnika id= 1  [] []
[2023-10-11T17:06:23.513298+02:00] ProdajaKarata.INFO: Pokusaj prijavljivanja mejlom: jelenaprotic667@gmail.com uz pogresnu sifru: jelenajenasjjaca [] []
[2023-10-11T17:06:55.955117+02:00] ProdajaKarata.INFO: Prijavljen korisnik sa id= 5  [] []
[2023-10-11T17:12:01.843110+02:00] ProdajaKarata.INFO: Odjavljivanje korisnika id= 5  [] []
[2023-10-11T17:12:38.928992+02:00] ProdajaKarata.INFO: Prijavljen korisnik sa id= 5  [] []
[2023-10-11T17:19:31.599191+02:00] ProdajaKarata.INFO: Odjavljivanje korisnika id= 5  [] []
[2023-10-11T17:19:39.947594+02:00] ProdajaKarata.INFO: Prijavljen korisnik sa id= 1  [] []
[2023-10-11T17:19:57.037207+02:00] ProdajaKarata.INFO: Odjavljivanje korisnika id= 1  [] []
[2023-10-11T17:20:07.121124+02:00] ProdajaKarata.INFO: Prijavljen korisnik sa id= 5  [] []
[2023-10-11T17:21:29.194935+02:00] ProdajaKarata.INFO: Korisnik id= 5 kupio je 1 karte sa id=1 [] []
[2023-10-11T17:30:49.450609+02:00] ProdajaKarata.INFO: Odjavljivanje korisnika id= 5  [] []
[2023-10-11T17:30:54.090013+02:00] ProdajaKarata.INFO: Prijavljen korisnik sa id= 1  [] []
[2023-10-11T17:31:23.156228+02:00] ProdajaKarata.INFO: Odjavljivanje korisnika id= 1  [] []
[2023-10-11T17:31:27.175941+02:00] ProdajaKarata.INFO: Prijavljen korisnik sa id= 5  [] []
[2023-10-11T17:31:49.268422+02:00] ProdajaKarata.INFO: Korisnik id= 5 kupio je 1 karte sa id=4 [] []
[2023-10-11T17:41:54.077377+02:00] ProdajaKarata.INFO: Korisnik id= 5 kupio je 2 karte sa id=19 [] []
[2023-10-11T17:43:04.093116+02:00] ProdajaKarata.INFO: Korisnik id= 5 kupio je 2 karte sa id=19 [] []
[2023-10-11T17:44:13.713663+02:00] ProdajaKarata.INFO: Odjavljivanje korisnika id= 5  [] []
[2023-10-11T17:44:41.878809+02:00] ProdajaKarata.INFO: Pokusaj prijavljivanja mejlom: mladenp159@gmail.com uz pogresnu sifru: 1234 [] []
[2023-10-11T17:44:47.440614+02:00] ProdajaKarata.INFO: Prijavljen korisnik sa id= 1  [] []
[2023-10-11T18:04:27.545946+02:00] ProdajaKarata.INFO: Odjavljivanje korisnika id= 1  [] []
[2023-10-28T20:38:32.566972+02:00] ProdajaKarata.INFO: Pokusaj prijavljivanja mejlom: mladenp159@gmail.com uz pogresnu sifru: 1234 [] []
[2023-10-28T20:38:36.604113+02:00] ProdajaKarata.INFO: Prijavljen korisnik sa id= 1  [] []
[2023-10-28T20:39:43.387169+02:00] ProdajaKarata.INFO: Prijavljen korisnik sa id= 5  [] []
[2023-10-28T20:39:59.293454+02:00] ProdajaKarata.INFO: Odjavljivanje korisnika id= 5  [] []
[2024-01-29T01:59:45.952299+01:00] ProdajaKarata.INFO: Prijavljen korisnik sa id= 1  [] []
[2024-01-29T02:00:35.899690+01:00] ProdajaKarata.INFO: Odjavljivanje korisnika id= 1  [] []
[2024-01-29T02:00:51.030204+01:00] ProdajaKarata.INFO: Pokusaj prijavljivanja mejlom: mladenp159@gmail.com uz pogresnu sifru: 1234 [] []
[2024-01-29T02:00:55.207467+01:00] ProdajaKarata.INFO: Prijavljen korisnik sa id= 1  [] []
[2024-01-29T02:01:09.613701+01:00] ProdajaKarata.INFO: Odjavljivanje korisnika id= 1  [] []
[2024-01-29T02:01:24.355537+01:00] ProdajaKarata.INFO: Prijavljen korisnik sa id= 1  [] []
